Using pre-set license
Built from '2021.3/staging' branch; Version is '2021.3.15f1 (e8e88683f834) revision 15263878'; Using compiler version '192829333'; Build Type 'Release'
OS: 'Windows 11  (10.0.22621) 64bit CoreSingleLanguage' Language: 'ru' Physical Memory: 14283 MB
BatchMode: 1, IsHumanControllingUs: 0, StartBugReporterOnCrash: 0, Is64bit: 1, IsPro: 1

COMMAND LINE ARGUMENTS:
D:\Unity2021\Unity 2021.3.15f1\Editor\Unity.exe
-adb2
-batchMode
-noUpm
-name
AssetImportWorker4
-projectPath
D:/ExperementalGame
-logFile
Logs/AssetImportWorker4.log
-srvPort
51092
Successfully changed project path to: D:/ExperementalGame
D:/ExperementalGame
[UnityMemory] Configuration Parameters - Can be set up in boot.config
    "memorysetup-bucket-allocator-granularity=16"
    "memorysetup-bucket-allocator-bucket-count=8"
    "memorysetup-bucket-allocator-block-size=33554432"
    "memorysetup-bucket-allocator-block-count=8"
    "memorysetup-main-allocator-block-size=16777216"
    "memorysetup-thread-allocator-block-size=16777216"
    "memorysetup-gfx-main-allocator-block-size=16777216"
    "memorysetup-gfx-thread-allocator-block-size=16777216"
    "memorysetup-cache-allocator-block-size=4194304"
    "memorysetup-typetree-allocator-block-size=2097152"
    "memorysetup-profiler-bucket-allocator-granularity=16"
    "memorysetup-profiler-bucket-allocator-bucket-count=8"
    "memorysetup-profiler-bucket-allocator-block-size=33554432"
    "memorysetup-profiler-bucket-allocator-block-count=8"
    "memorysetup-profiler-allocator-block-size=16777216"
    "memorysetup-profiler-editor-allocator-block-size=1048576"
    "memorysetup-temp-allocator-size-main=16777216"
    "memorysetup-job-temp-allocator-block-size=2097152"
    "memorysetup-job-temp-allocator-block-size-background=1048576"
    "memorysetup-job-temp-allocator-reduction-small-platforms=262144"
    "memorysetup-temp-allocator-size-background-worker=32768"
    "memorysetup-temp-allocator-size-job-worker=262144"
    "memorysetup-temp-allocator-size-preload-manager=33554432"
    "memorysetup-temp-allocator-size-nav-mesh-worker=65536"
    "memorysetup-temp-allocator-size-audio-worker=65536"
    "memorysetup-temp-allocator-size-cloud-worker=32768"
    "memorysetup-temp-allocator-size-gi-baking-worker=262144"
    "memorysetup-temp-allocator-size-gfx=262144"
Player connection [71596] Host "[IP] 192.168.0.17 [Port] 0 [Flags] 2 [Guid] 1081098055 [EditorId] 1081098055 [Version] 1048832 [Id] WindowsEditor(7,LAPTOP-P95C9112) [Debug] 1 [PackageName] WindowsEditor [ProjectName] Editor" joined multi-casting on [225.0.0.222:54997]...

Player connection [71596] Host "[IP] 192.168.0.17 [Port] 0 [Flags] 2 [Guid] 1081098055 [EditorId] 1081098055 [Version] 1048832 [Id] WindowsEditor(7,LAPTOP-P95C9112) [Debug] 1 [PackageName] WindowsEditor [ProjectName] Editor" joined alternative multi-casting on [225.0.0.222:34997]...

Refreshing native plugins compatible for Editor in 864.17 ms, found 3 plugins.
Preloading 0 native plugins for Editor in 0.00 ms.
Initialize engine version: 2021.3.15f1 (e8e88683f834)
[Subsystems] Discovering subsystems at path D:/Unity2021/Unity 2021.3.15f1/Editor/Data/Resources/UnitySubsystems
[Subsystems] Discovering subsystems at path D:/ExperementalGame/Assets
GfxDevice: creating device client; threaded=0; jobified=0
Direct3D:
    Version:  Direct3D 11.0 [level 11.1]
    Renderer: NVIDIA GeForce GTX 1050 (ID=0x1c92)
    Vendor:   NVIDIA
    VRAM:     4021 MB
    Driver:   27.21.14.6259
Initialize mono
Mono path[0] = 'D:/Unity2021/Unity 2021.3.15f1/Editor/Data/Managed'
Mono path[1] = 'D:/Unity2021/Unity 2021.3.15f1/Editor/Data/MonoBleedingEdge/lib/mono/unityjit-win32'
Mono config path = 'D:/Unity2021/Unity 2021.3.15f1/Editor/Data/MonoBleedingEdge/etc'
Using monoOptions --debugger-agent=transport=dt_socket,embedding=1,server=y,suspend=n,address=127.0.0.1:56260
Begin MonoManager ReloadAssembly
Registering precompiled unity dll's ...
Register platform support module: D:/Unity2021/Unity 2021.3.15f1/Editor/Data/PlaybackEngines/WindowsStandaloneSupport/UnityEditor.WindowsStandalone.Extensions.dll
Registered in 0.008550 seconds.
Native extension for WindowsStandalone target not found
Refreshing native plugins compatible for Editor in 352.67 ms, found 3 plugins.
Preloading 0 native plugins for Editor in 0.00 ms.
Mono: successfully reloaded assembly
- Completed reload, in  2.577 seconds
Domain Reload Profiling:
	ReloadAssembly (2579ms)
		BeginReloadAssembly (366ms)
			ExecutionOrderSort (0ms)
			DisableScriptedObjects (0ms)
			BackupInstance (0ms)
			ReleaseScriptingObjects (0ms)
			CreateAndSetChildDomain (4ms)
		EndReloadAssembly (1739ms)
			LoadAssemblies (360ms)
			RebuildTransferFunctionScriptingTraits (0ms)
			SetupTypeCache (393ms)
			ReleaseScriptCaches (0ms)
			RebuildScriptCaches (141ms)
			SetupLoadedEditorAssemblies (985ms)
				LogAssemblyErrors (0ms)
				InitializePlatformSupportModulesInManaged (26ms)
				SetLoadedEditorAssemblies (1ms)
				RefreshPlugins (353ms)
				BeforeProcessingInitializeOnLoad (4ms)
				ProcessInitializeOnLoadAttributes (445ms)
				ProcessInitializeOnLoadMethodAttributes (156ms)
				AfterProcessingInitializeOnLoad (0ms)
				EditorAssembliesLoaded (0ms)
			ExecutionOrderSort2 (0ms)
			AwakeInstancesAfterBackupRestoration (0ms)
Platform modules already initialized, skipping
Registering precompiled user dll's ...
Registered in 0.020301 seconds.
Begin MonoManager ReloadAssembly
Symbol file LoadedFromMemory doesn't match image D:\ExperementalGame\Library\PackageCache\com.unity.visualscripting@1.7.8\Editor\VisualScripting.Core\Dependencies\YamlDotNet\Unity.VisualScripting.YamlDotNet.dll
Symbol file LoadedFromMemory doesn't match image D:\ExperementalGame\Library\PackageCache\com.unity.visualscripting@1.7.8\Editor\VisualScripting.Core\Dependencies\DotNetZip\Unity.VisualScripting.IonicZip.dll
Native extension for WindowsStandalone target not found
Refreshing native plugins compatible for Editor in 1.64 ms, found 3 plugins.
Preloading 0 native plugins for Editor in 0.00 ms.
Mono: successfully reloaded assembly
- Completed reload, in  3.819 seconds
Domain Reload Profiling:
	ReloadAssembly (3822ms)
		BeginReloadAssembly (417ms)
			ExecutionOrderSort (0ms)
			DisableScriptedObjects (22ms)
			BackupInstance (0ms)
			ReleaseScriptingObjects (0ms)
			CreateAndSetChildDomain (70ms)
		EndReloadAssembly (3008ms)
			LoadAssemblies (274ms)
			RebuildTransferFunctionScriptingTraits (0ms)
			SetupTypeCache (1082ms)
			ReleaseScriptCaches (2ms)
			RebuildScriptCaches (175ms)
			SetupLoadedEditorAssemblies (1366ms)
				LogAssemblyErrors (0ms)
				InitializePlatformSupportModulesInManaged (13ms)
				SetLoadedEditorAssemblies (1ms)
				RefreshPlugins (2ms)
				BeforeProcessingInitializeOnLoad (260ms)
				ProcessInitializeOnLoadAttributes (981ms)
				ProcessInitializeOnLoadMethodAttributes (95ms)
				AfterProcessingInitializeOnLoad (12ms)
				EditorAssembliesLoaded (1ms)
			ExecutionOrderSort2 (0ms)
			AwakeInstancesAfterBackupRestoration (27ms)
Platform modules already initialized, skipping
========================================================================
Worker process is ready to serve import requests
Launched and connected shader compiler UnityShaderCompiler.exe after 0.16 seconds
Refreshing native plugins compatible for Editor in 4.47 ms, found 3 plugins.
Preloading 0 native plugins for Editor in 0.00 ms.
Unloading 3916 Unused Serialized files (Serialized files now loaded: 0)
Unloading 39 unused Assets / (1.3 MB). Loaded Objects now: 4377.
Memory consumption went from 221.4 MB to 220.0 MB.
Total: 24.671100 ms (FindLiveObjects: 1.413900 ms CreateObjectMapping: 1.569900 ms MarkObjects: 19.953600 ms  DeleteObjects: 1.727400 ms)

AssetImportParameters requested are different than current active one (requested -> active):
  custom:video-decoder-ogg-theora: a1e56fd34408186e4bbccfd4996cb3dc -> 
  custom:container-muxer-webm: aa71ff27fc2769a1b78a27578f13a17b -> 
  custom:container-demuxer-webm: 4f35f7cbe854078d1ac9338744f61a02 -> 
  custom:video-encoder-webm-vp8: eb34c28f22e8b96e1ab97ce403110664 -> 
  custom:audio-encoder-webm-vorbis: bf7c407c2cedff20999df2af8eb42d56 -> 
  custom:framework-win-MediaFoundation: 216162199b28c13a410421893ffa2e32 -> 
  custom:container-demuxer-ogg: 62fdf1f143b41e24485cea50d1cbac27 -> 
  custom:video-decoder-webm-vp8: 9c59270c3fd7afecdb556c50c9e8de78 -> 
  custom:audio-decoder-ogg-vorbis: bf7c407c2cedff20999df2af8eb42d56 -> 
========================================================================
Received Import Request.
  Time since last request: 479028.790840 seconds.
  path: Assets/Scripts/CoolDownSliderScript.cs
  artifactKey: Guid(8ddf43d8f8e3da846861f773b7e4a4f3) Importer(815301076,1909f56bfc062723c751e8b465ee728b)
Start importing Assets/Scripts/CoolDownSliderScript.cs using Guid(8ddf43d8f8e3da846861f773b7e4a4f3) Importer(815301076,1909f56bfc062723c751e8b465ee728b)  -> (artifact id: 'd4e89fc3950b0b29acbd20a21af8edb3') in 0.323988 seconds 
========================================================================
Received Prepare
Registering precompiled user dll's ...
Registered in 0.010136 seconds.
Begin MonoManager ReloadAssembly
Symbol file LoadedFromMemory doesn't match image D:\ExperementalGame\Library\PackageCache\com.unity.visualscripting@1.7.8\Editor\VisualScripting.Core\Dependencies\YamlDotNet\Unity.VisualScripting.YamlDotNet.dll
Symbol file LoadedFromMemory doesn't match image D:\ExperementalGame\Library\PackageCache\com.unity.visualscripting@1.7.8\Editor\VisualScripting.Core\Dependencies\DotNetZip\Unity.VisualScripting.IonicZip.dll
Native extension for WindowsStandalone target not found
Refreshing native plugins compatible for Editor in 1.56 ms, found 3 plugins.
Preloading 0 native plugins for Editor in 0.00 ms.
Mono: successfully reloaded assembly
- Completed reload, in  3.311 seconds
Domain Reload Profiling:
	ReloadAssembly (3313ms)
		BeginReloadAssembly (467ms)
			ExecutionOrderSort (0ms)
			DisableScriptedObjects (22ms)
			BackupInstance (0ms)
			ReleaseScriptingObjects (0ms)
			CreateAndSetChildDomain (124ms)
		EndReloadAssembly (2602ms)
			LoadAssemblies (267ms)
			RebuildTransferFunctionScriptingTraits (0ms)
			SetupTypeCache (899ms)
			ReleaseScriptCaches (3ms)
			RebuildScriptCaches (179ms)
			SetupLoadedEditorAssemblies (1139ms)
				LogAssemblyErrors (0ms)
				InitializePlatformSupportModulesInManaged (35ms)
				SetLoadedEditorAssemblies (1ms)
				RefreshPlugins (2ms)
				BeforeProcessingInitializeOnLoad (208ms)
				ProcessInitializeOnLoadAttributes (804ms)
				ProcessInitializeOnLoadMethodAttributes (82ms)
				AfterProcessingInitializeOnLoad (6ms)
				EditorAssembliesLoaded (1ms)
			ExecutionOrderSort2 (0ms)
			AwakeInstancesAfterBackupRestoration (25ms)
Platform modules already initialized, skipping
Refreshing native plugins compatible for Editor in 4.89 ms, found 3 plugins.
Preloading 0 native plugins for Editor in 0.00 ms.
Unloading 3862 Unused Serialized files (Serialized files now loaded: 0)
Unloading 32 unused Assets / (1.3 MB). Loaded Objects now: 4380.
Memory consumption went from 216.2 MB to 214.9 MB.
Total: 8.254300 ms (FindLiveObjects: 0.771900 ms CreateObjectMapping: 0.326600 ms MarkObjects: 6.502500 ms  DeleteObjects: 0.651300 ms)

AssetImportParameters requested are different than current active one (requested -> active):
  custom:video-decoder-ogg-theora: a1e56fd34408186e4bbccfd4996cb3dc -> 
  custom:container-muxer-webm: aa71ff27fc2769a1b78a27578f13a17b -> 
  custom:container-demuxer-webm: 4f35f7cbe854078d1ac9338744f61a02 -> 
  custom:video-encoder-webm-vp8: eb34c28f22e8b96e1ab97ce403110664 -> 
  custom:audio-encoder-webm-vorbis: bf7c407c2cedff20999df2af8eb42d56 -> 
  custom:framework-win-MediaFoundation: 216162199b28c13a410421893ffa2e32 -> 
  custom:container-demuxer-ogg: 62fdf1f143b41e24485cea50d1cbac27 -> 
  custom:video-decoder-webm-vp8: 9c59270c3fd7afecdb556c50c9e8de78 -> 
  custom:audio-decoder-ogg-vorbis: bf7c407c2cedff20999df2af8eb42d56 -> 
========================================================================
Received Prepare
Registering precompiled user dll's ...
Registered in 0.022364 seconds.
Begin MonoManager ReloadAssembly
Symbol file LoadedFromMemory doesn't match image D:\ExperementalGame\Library\PackageCache\com.unity.visualscripting@1.7.8\Editor\VisualScripting.Core\Dependencies\YamlDotNet\Unity.VisualScripting.YamlDotNet.dll
Symbol file LoadedFromMemory doesn't match image D:\ExperementalGame\Library\PackageCache\com.unity.visualscripting@1.7.8\Editor\VisualScripting.Core\Dependencies\DotNetZip\Unity.VisualScripting.IonicZip.dll
Native extension for WindowsStandalone target not found
Refreshing native plugins compatible for Editor in 2.05 ms, found 3 plugins.
Preloading 0 native plugins for Editor in 0.00 ms.
Mono: successfully reloaded assembly
- Completed reload, in  3.215 seconds
Domain Reload Profiling:
	ReloadAssembly (3217ms)
		BeginReloadAssembly (341ms)
			ExecutionOrderSort (0ms)
			DisableScriptedObjects (16ms)
			BackupInstance (0ms)
			ReleaseScriptingObjects (0ms)
			CreateAndSetChildDomain (84ms)
		EndReloadAssembly (2579ms)
			LoadAssemblies (238ms)
			RebuildTransferFunctionScriptingTraits (0ms)
			SetupTypeCache (937ms)
			ReleaseScriptCaches (4ms)
			RebuildScriptCaches (145ms)
			SetupLoadedEditorAssemblies (1134ms)
				LogAssemblyErrors (0ms)
				InitializePlatformSupportModulesInManaged (36ms)
				SetLoadedEditorAssemblies (1ms)
				RefreshPlugins (3ms)
				BeforeProcessingInitializeOnLoad (220ms)
				ProcessInitializeOnLoadAttributes (775ms)
				ProcessInitializeOnLoadMethodAttributes (91ms)
				AfterProcessingInitializeOnLoad (8ms)
				EditorAssembliesLoaded (0ms)
			ExecutionOrderSort2 (0ms)
			AwakeInstancesAfterBackupRestoration (18ms)
Platform modules already initialized, skipping
Refreshing native plugins compatible for Editor in 5.99 ms, found 3 plugins.
Preloading 0 native plugins for Editor in 0.00 ms.
Unloading 3862 Unused Serialized files (Serialized files now loaded: 0)
Unloading 32 unused Assets / (1.3 MB). Loaded Objects now: 4383.
Memory consumption went from 216.2 MB to 214.9 MB.
Total: 10.823800 ms (FindLiveObjects: 0.565900 ms CreateObjectMapping: 0.837500 ms MarkObjects: 8.854400 ms  DeleteObjects: 0.564400 ms)

AssetImportParameters requested are different than current active one (requested -> active):
  custom:video-decoder-ogg-theora: a1e56fd34408186e4bbccfd4996cb3dc -> 
  custom:container-muxer-webm: aa71ff27fc2769a1b78a27578f13a17b -> 
  custom:container-demuxer-webm: 4f35f7cbe854078d1ac9338744f61a02 -> 
  custom:video-encoder-webm-vp8: eb34c28f22e8b96e1ab97ce403110664 -> 
  custom:audio-encoder-webm-vorbis: bf7c407c2cedff20999df2af8eb42d56 -> 
  custom:framework-win-MediaFoundation: 216162199b28c13a410421893ffa2e32 -> 
  custom:container-demuxer-ogg: 62fdf1f143b41e24485cea50d1cbac27 -> 
  custom:video-decoder-webm-vp8: 9c59270c3fd7afecdb556c50c9e8de78 -> 
  custom:audio-decoder-ogg-vorbis: bf7c407c2cedff20999df2af8eb42d56 -> 
========================================================================
Received Prepare
Registering precompiled user dll's ...
Registered in 0.016838 seconds.
Begin MonoManager ReloadAssembly
Symbol file LoadedFromMemory doesn't match image D:\ExperementalGame\Library\PackageCache\com.unity.visualscripting@1.7.8\Editor\VisualScripting.Core\Dependencies\YamlDotNet\Unity.VisualScripting.YamlDotNet.dll
Symbol file LoadedFromMemory doesn't match image D:\ExperementalGame\Library\PackageCache\com.unity.visualscripting@1.7.8\Editor\VisualScripting.Core\Dependencies\DotNetZip\Unity.VisualScripting.IonicZip.dll
Native extension for WindowsStandalone target not found
Refreshing native plugins compatible for Editor in 1.80 ms, found 3 plugins.
Preloading 0 native plugins for Editor in 0.00 ms.
Mono: successfully reloaded assembly
- Completed reload, in  3.390 seconds
Domain Reload Profiling:
	ReloadAssembly (3392ms)
		BeginReloadAssembly (400ms)
			ExecutionOrderSort (0ms)
			DisableScriptedObjects (24ms)
			BackupInstance (0ms)
			ReleaseScriptingObjects (0ms)
			CreateAndSetChildDomain (107ms)
		EndReloadAssembly (2674ms)
			LoadAssemblies (231ms)
			RebuildTransferFunctionScriptingTraits (0ms)
			SetupTypeCache (960ms)
			ReleaseScriptCaches (4ms)
			RebuildScriptCaches (143ms)
			SetupLoadedEditorAssemblies (1120ms)
				LogAssemblyErrors (0ms)
				InitializePlatformSupportModulesInManaged (42ms)
				SetLoadedEditorAssemblies (1ms)
				RefreshPlugins (2ms)
				BeforeProcessingInitializeOnLoad (184ms)
				ProcessInitializeOnLoadAttributes (793ms)
				ProcessInitializeOnLoadMethodAttributes (86ms)
				AfterProcessingInitializeOnLoad (11ms)
				EditorAssembliesLoaded (1ms)
			ExecutionOrderSort2 (0ms)
			AwakeInstancesAfterBackupRestoration (54ms)
Platform modules already initialized, skipping
Refreshing native plugins compatible for Editor in 5.85 ms, found 3 plugins.
Preloading 0 native plugins for Editor in 0.00 ms.
Unloading 3862 Unused Serialized files (Serialized files now loaded: 0)
Unloading 32 unused Assets / (1.3 MB). Loaded Objects now: 4386.
Memory consumption went from 216.2 MB to 214.9 MB.
Total: 12.003500 ms (FindLiveObjects: 1.234100 ms CreateObjectMapping: 0.957800 ms MarkObjects: 8.977500 ms  DeleteObjects: 0.831400 ms)

AssetImportParameters requested are different than current active one (requested -> active):
  custom:video-decoder-ogg-theora: a1e56fd34408186e4bbccfd4996cb3dc -> 
  custom:container-muxer-webm: aa71ff27fc2769a1b78a27578f13a17b -> 
  custom:container-demuxer-webm: 4f35f7cbe854078d1ac9338744f61a02 -> 
  custom:video-encoder-webm-vp8: eb34c28f22e8b96e1ab97ce403110664 -> 
  custom:audio-encoder-webm-vorbis: bf7c407c2cedff20999df2af8eb42d56 -> 
  custom:framework-win-MediaFoundation: 216162199b28c13a410421893ffa2e32 -> 
  custom:container-demuxer-ogg: 62fdf1f143b41e24485cea50d1cbac27 -> 
  custom:video-decoder-webm-vp8: 9c59270c3fd7afecdb556c50c9e8de78 -> 
  custom:audio-decoder-ogg-vorbis: bf7c407c2cedff20999df2af8eb42d56 -> 
========================================================================
Received Import Request.
  Time since last request: 3775.758879 seconds.
  path: Assets/Anim/Standing Idle.fbx
  artifactKey: Guid(fbf38fa55c592e84fa83f2ebb04e33dc) Importer(815301076,1909f56bfc062723c751e8b465ee728b)
Start importing Assets/Anim/Standing Idle.fbx using Guid(fbf38fa55c592e84fa83f2ebb04e33dc) Importer(815301076,1909f56bfc062723c751e8b465ee728b)  -> (artifact id: '45733fc0fa4fb2857d80a28b1b0e10e4') in 1.408604 seconds 
========================================================================
Received Import Request.
  Time since last request: 0.000216 seconds.
  path: Assets/Anim/Y Bot@Standing React Large From Left.fbx
  artifactKey: Guid(95c72911664ffb8408e6a325542f36ab) Importer(815301076,1909f56bfc062723c751e8b465ee728b)
Start importing Assets/Anim/Y Bot@Standing React Large From Left.fbx using Guid(95c72911664ffb8408e6a325542f36ab) Importer(815301076,1909f56bfc062723c751e8b465ee728b)  -> (artifact id: '5164c69251a9f64c4e700b808de26aea') in 0.044021 seconds 
========================================================================
Received Import Request.
  Time since last request: 0.000073 seconds.
  path: Assets/Anim/Y Bot@Falling.fbx
  artifactKey: Guid(cc005f5b44a60fc42b15a432bb2465ab) Importer(815301076,1909f56bfc062723c751e8b465ee728b)
Start importing Assets/Anim/Y Bot@Falling.fbx using Guid(cc005f5b44a60fc42b15a432bb2465ab) Importer(815301076,1909f56bfc062723c751e8b465ee728b)  -> (artifact id: '5669d7588e746b48480a468e475a04c9') in 0.103338 seconds 
========================================================================
Received Import Request.
  Time since last request: 0.000041 seconds.
  path: Assets/Anim/Y Bot@Idle.fbx
  artifactKey: Guid(d95255a3e93866c4fa7811d4366efea7) Importer(815301076,1909f56bfc062723c751e8b465ee728b)
Start importing Assets/Anim/Y Bot@Idle.fbx using Guid(d95255a3e93866c4fa7811d4366efea7) Importer(815301076,1909f56bfc062723c751e8b465ee728b)  -> (artifact id: '314dd030fe5ec6b69cd7c9dd9e73b541') in 0.040249 seconds 
========================================================================
Received Import Request.
  Time since last request: 0.000053 seconds.
  path: Assets/Anim/Y Bot@Punching (1).fbx
  artifactKey: Guid(75181158e764a29409c2d8e7759b46de) Importer(815301076,1909f56bfc062723c751e8b465ee728b)
Start importing Assets/Anim/Y Bot@Punching (1).fbx using Guid(75181158e764a29409c2d8e7759b46de) Importer(815301076,1909f56bfc062723c751e8b465ee728b)  -> (artifact id: '8fbc0a8fd0c0c69048ff09e374f77071') in 0.121931 seconds 
========================================================================
Received Import Request.
  Time since last request: 0.000048 seconds.
  path: Assets/Anim/Y Bot@Unarmed Run Forward.fbx
  artifactKey: Guid(25eaf75a389ef084f87bd6716bb5d691) Importer(815301076,1909f56bfc062723c751e8b465ee728b)
Start importing Assets/Anim/Y Bot@Unarmed Run Forward.fbx using Guid(25eaf75a389ef084f87bd6716bb5d691) Importer(815301076,1909f56bfc062723c751e8b465ee728b)  -> (artifact id: '870bfd112c9b358d92187602699770da') in 0.133023 seconds 
========================================================================
Received Import Request.
  Time since last request: 0.000070 seconds.
  path: Assets/Anim/Y Bot@Elbow Punching.fbx
  artifactKey: Guid(90976158b6659904a831fe16e8e43c92) Importer(815301076,1909f56bfc062723c751e8b465ee728b)
Start importing Assets/Anim/Y Bot@Elbow Punching.fbx using Guid(90976158b6659904a831fe16e8e43c92) Importer(815301076,1909f56bfc062723c751e8b465ee728b)  -> (artifact id: '6222b1105ccb6f00ce32bd9f24aea84b') in 0.104463 seconds 
========================================================================
Received Import Request.
  Time since last request: 0.000042 seconds.
  path: Assets/Anim/Y Bot@Standing Walk ForwardMagic.fbx
  artifactKey: Guid(9a5178f06c52f6044850e17b8cfbc377) Importer(815301076,1909f56bfc062723c751e8b465ee728b)
Start importing Assets/Anim/Y Bot@Standing Walk ForwardMagic.fbx using Guid(9a5178f06c52f6044850e17b8cfbc377) Importer(815301076,1909f56bfc062723c751e8b465ee728b)  -> (artifact id: '1d4711ccb2a989ae7a5b9aea8e22abc7') in 0.080448 seconds 
========================================================================
Received Import Request.
  Time since last request: 0.000037 seconds.
  path: Assets/Anim/Y Bot@Standing Run Forward.fbx
  artifactKey: Guid(243aaf8a59310ef41a4de8c8e50989d7) Importer(815301076,1909f56bfc062723c751e8b465ee728b)
Start importing Assets/Anim/Y Bot@Standing Run Forward.fbx using Guid(243aaf8a59310ef41a4de8c8e50989d7) Importer(815301076,1909f56bfc062723c751e8b465ee728b)  -> (artifact id: '7e38b2b7f99a700fdf8a9b074b377423') in 0.159385 seconds 
========================================================================
Received Import Request.
  Time since last request: 0.000048 seconds.
  path: Assets/Anim/Договора ИП Велиев Литер1,2,3.zip
  artifactKey: Guid(9baa879ec8823d54a8b1ea0acbea8977) Importer(815301076,1909f56bfc062723c751e8b465ee728b)
Start importing Assets/Anim/Договора ИП Велиев Литер1,2,3.zip using Guid(9baa879ec8823d54a8b1ea0acbea8977) Importer(815301076,1909f56bfc062723c751e8b465ee728b)  -> (artifact id: '1b95d29b70796bdc80bc73750aaeecce') in 0.064836 seconds 
========================================================================
Received Import Request.
  Time since last request: 190.892435 seconds.
  path: Assets/3D Models/ET_Pedestal.fbx
  artifactKey: Guid(943b33f7ba9923e44baf42c9355627aa) Importer(815301076,1909f56bfc062723c751e8b465ee728b)
Start importing Assets/3D Models/ET_Pedestal.fbx using Guid(943b33f7ba9923e44baf42c9355627aa) Importer(815301076,1909f56bfc062723c751e8b465ee728b)  -> (artifact id: '831de569bbded8fbb3dfa342b31b1cef') in 0.106862 seconds 
========================================================================
Received Import Request.
  Time since last request: 0.473996 seconds.
  path: Assets/3D Models
  artifactKey: Guid(c6c2f8e6d5a4b544788c4704b009f912) Importer(815301076,1909f56bfc062723c751e8b465ee728b)
Start importing Assets/3D Models using Guid(c6c2f8e6d5a4b544788c4704b009f912) Importer(815301076,1909f56bfc062723c751e8b465ee728b)  -> (artifact id: '20b6784c6952f33ff2c7c50f2062aae6') in 0.037672 seconds 
========================================================================
Received Import Request.
  Time since last request: 4.903293 seconds.
  path: Assets/3D Models/NewBehaviourScript.cs
  artifactKey: Guid(b5ff8564c2517ca4998afb8ff620fd6e) Importer(815301076,1909f56bfc062723c751e8b465ee728b)
Start importing Assets/3D Models/NewBehaviourScript.cs using Guid(b5ff8564c2517ca4998afb8ff620fd6e) Importer(815301076,1909f56bfc062723c751e8b465ee728b)  -> (artifact id: 'fb6bb3e9b404d4e9a4d71f3ab6ed73c4') in 0.025588 seconds 
========================================================================
Received Prepare
Registering precompiled user dll's ...
Registered in 0.017526 seconds.
Begin MonoManager ReloadAssembly
Symbol file LoadedFromMemory doesn't match image D:\ExperementalGame\Library\PackageCache\com.unity.visualscripting@1.7.8\Editor\VisualScripting.Core\Dependencies\YamlDotNet\Unity.VisualScripting.YamlDotNet.dll
Symbol file LoadedFromMemory doesn't match image D:\ExperementalGame\Library\PackageCache\com.unity.visualscripting@1.7.8\Editor\VisualScripting.Core\Dependencies\DotNetZip\Unity.VisualScripting.IonicZip.dll
Native extension for WindowsStandalone target not found
Refreshing native plugins compatible for Editor in 2.32 ms, found 3 plugins.
Preloading 0 native plugins for Editor in 0.00 ms.
Mono: successfully reloaded assembly
- Completed reload, in  2.979 seconds
Domain Reload Profiling:
	ReloadAssembly (2982ms)
		BeginReloadAssembly (481ms)
			ExecutionOrderSort (0ms)
			DisableScriptedObjects (17ms)
			BackupInstance (0ms)
			ReleaseScriptingObjects (0ms)
			CreateAndSetChildDomain (198ms)
		EndReloadAssembly (2254ms)
			LoadAssemblies (219ms)
			RebuildTransferFunctionScriptingTraits (0ms)
			SetupTypeCache (803ms)
			ReleaseScriptCaches (5ms)
			RebuildScriptCaches (143ms)
			SetupLoadedEditorAssemblies (962ms)
				LogAssemblyErrors (0ms)
				InitializePlatformSupportModulesInManaged (25ms)
				SetLoadedEditorAssemblies (2ms)
				RefreshPlugins (3ms)
				BeforeProcessingInitializeOnLoad (193ms)
				ProcessInitializeOnLoadAttributes (661ms)
				ProcessInitializeOnLoadMethodAttributes (66ms)
				AfterProcessingInitializeOnLoad (13ms)
				EditorAssembliesLoaded (1ms)
			ExecutionOrderSort2 (0ms)
			AwakeInstancesAfterBackupRestoration (22ms)
Platform modules already initialized, skipping
Refreshing native plugins compatible for Editor in 4.42 ms, found 3 plugins.
Preloading 0 native plugins for Editor in 0.00 ms.
Unloading 3863 Unused Serialized files (Serialized files now loaded: 0)
Unloading 32 unused Assets / (1.3 MB). Loaded Objects now: 4435.
Memory consumption went from 233.7 MB to 232.4 MB.
Total: 8.489000 ms (FindLiveObjects: 0.588700 ms CreateObjectMapping: 0.476900 ms MarkObjects: 6.713000 ms  DeleteObjects: 0.707900 ms)

AssetImportParameters requested are different than current active one (requested -> active):
  custom:video-decoder-ogg-theora: a1e56fd34408186e4bbccfd4996cb3dc -> 
  custom:container-muxer-webm: aa71ff27fc2769a1b78a27578f13a17b -> 
  custom:container-demuxer-webm: 4f35f7cbe854078d1ac9338744f61a02 -> 
  custom:video-encoder-webm-vp8: eb34c28f22e8b96e1ab97ce403110664 -> 
  custom:audio-encoder-webm-vorbis: bf7c407c2cedff20999df2af8eb42d56 -> 
  custom:framework-win-MediaFoundation: 216162199b28c13a410421893ffa2e32 -> 
  custom:container-demuxer-ogg: 62fdf1f143b41e24485cea50d1cbac27 -> 
  custom:video-decoder-webm-vp8: 9c59270c3fd7afecdb556c50c9e8de78 -> 
  custom:audio-decoder-ogg-vorbis: bf7c407c2cedff20999df2af8eb42d56 -> 
========================================================================
Received Prepare
Registering precompiled user dll's ...
Registered in 0.009788 seconds.
Begin MonoManager ReloadAssembly
Symbol file LoadedFromMemory doesn't match image D:\ExperementalGame\Library\PackageCache\com.unity.visualscripting@1.7.8\Editor\VisualScripting.Core\Dependencies\YamlDotNet\Unity.VisualScripting.YamlDotNet.dll
Symbol file LoadedFromMemory doesn't match image D:\ExperementalGame\Library\PackageCache\com.unity.visualscripting@1.7.8\Editor\VisualScripting.Core\Dependencies\DotNetZip\Unity.VisualScripting.IonicZip.dll
Native extension for WindowsStandalone target not found
Refreshing native plugins compatible for Editor in 1.36 ms, found 3 plugins.
Preloading 0 native plugins for Editor in 0.00 ms.
Mono: successfully reloaded assembly
- Completed reload, in  2.890 seconds
Domain Reload Profiling:
	ReloadAssembly (2892ms)
		BeginReloadAssembly (361ms)
			ExecutionOrderSort (0ms)
			DisableScriptedObjects (17ms)
			BackupInstance (0ms)
			ReleaseScriptingObjects (0ms)
			CreateAndSetChildDomain (97ms)
		EndReloadAssembly (2246ms)
			LoadAssemblies (243ms)
			RebuildTransferFunctionScriptingTraits (0ms)
			SetupTypeCache (805ms)
			ReleaseScriptCaches (4ms)
			RebuildScriptCaches (132ms)
			SetupLoadedEditorAssemblies (945ms)
				LogAssemblyErrors (0ms)
				InitializePlatformSupportModulesInManaged (28ms)
				SetLoadedEditorAssemblies (1ms)
				RefreshPlugins (1ms)
				BeforeProcessingInitializeOnLoad (141ms)
				ProcessInitializeOnLoadAttributes (674ms)
				ProcessInitializeOnLoadMethodAttributes (92ms)
				AfterProcessingInitializeOnLoad (7ms)
				EditorAssembliesLoaded (0ms)
			ExecutionOrderSort2 (0ms)
			AwakeInstancesAfterBackupRestoration (19ms)
Platform modules already initialized, skipping
Refreshing native plugins compatible for Editor in 5.82 ms, found 3 plugins.
Preloading 0 native plugins for Editor in 0.00 ms.
Unloading 3862 Unused Serialized files (Serialized files now loaded: 0)
Unloading 33 unused Assets / (1.3 MB). Loaded Objects now: 4437.
Memory consumption went from 233.7 MB to 232.4 MB.
Total: 8.243300 ms (FindLiveObjects: 0.524700 ms CreateObjectMapping: 0.215200 ms MarkObjects: 6.747400 ms  DeleteObjects: 0.753900 ms)

AssetImportParameters requested are different than current active one (requested -> active):
  custom:video-decoder-ogg-theora: a1e56fd34408186e4bbccfd4996cb3dc -> 
  custom:container-muxer-webm: aa71ff27fc2769a1b78a27578f13a17b -> 
  custom:container-demuxer-webm: 4f35f7cbe854078d1ac9338744f61a02 -> 
  custom:video-encoder-webm-vp8: eb34c28f22e8b96e1ab97ce403110664 -> 
  custom:audio-encoder-webm-vorbis: bf7c407c2cedff20999df2af8eb42d56 -> 
  custom:framework-win-MediaFoundation: 216162199b28c13a410421893ffa2e32 -> 
  custom:container-demuxer-ogg: 62fdf1f143b41e24485cea50d1cbac27 -> 
  custom:video-decoder-webm-vp8: 9c59270c3fd7afecdb556c50c9e8de78 -> 
  custom:audio-decoder-ogg-vorbis: bf7c407c2cedff20999df2af8eb42d56 -> 
========================================================================
Received Import Request.
  Time since last request: 61.331823 seconds.
  path: Assets/3D Models/hat_LP.obj
  artifactKey: Guid(674744cbb3f5b7f40a28cd81d08f87ab) Importer(815301076,1909f56bfc062723c751e8b465ee728b)
Start importing Assets/3D Models/hat_LP.obj using Guid(674744cbb3f5b7f40a28cd81d08f87ab) Importer(815301076,1909f56bfc062723c751e8b465ee728b)  -> (artifact id: 'e34de5c49a747d230700c43a85797bb2') in 0.424697 seconds 
========================================================================
Received Import Request.
  Time since last request: 14.309454 seconds.
  path: Assets/3D Models/hat_LP.mat
  artifactKey: Guid(5a3010c441b485647b8eea3c9fa0428f) Importer(815301076,1909f56bfc062723c751e8b465ee728b)
Start importing Assets/3D Models/hat_LP.mat using Guid(5a3010c441b485647b8eea3c9fa0428f) Importer(815301076,1909f56bfc062723c751e8b465ee728b)  -> (artifact id: '177b1aedf0809206183fc926d27b3329') in 0.038852 seconds 
========================================================================
Received Import Request.
  Time since last request: 18.734684 seconds.
  path: Assets/3D Models/hat_AOt.1001.png
  artifactKey: Guid(042aa25693b89c54c92a0078869c8cf3) Importer(815301076,1909f56bfc062723c751e8b465ee728b)
Start importing Assets/3D Models/hat_AOt.1001.png using Guid(042aa25693b89c54c92a0078869c8cf3) Importer(815301076,1909f56bfc062723c751e8b465ee728b)  -> (artifact id: 'a6ad342deb87116aeeeafd64c11f9a54') in 0.163263 seconds 
========================================================================
Received Import Request.
  Time since last request: 0.000048 seconds.
  path: Assets/3D Models/hat_LP_initialShadingGroup_Normal.1001.png
  artifactKey: Guid(4e67e61dc22733d4daad68e9adcf2078) Importer(815301076,1909f56bfc062723c751e8b465ee728b)
Start importing Assets/3D Models/hat_LP_initialShadingGroup_Normal.1001.png using Guid(4e67e61dc22733d4daad68e9adcf2078) Importer(815301076,1909f56bfc062723c751e8b465ee728b)  -> (artifact id: '869df5431b615425afd2aec8b3996481') in 0.069638 seconds 
========================================================================
Received Import Request.
  Time since last request: 21.666936 seconds.
  path: Assets/3D Models/hat_LP.mat
  artifactKey: Guid(5a3010c441b485647b8eea3c9fa0428f) Importer(815301076,1909f56bfc062723c751e8b465ee728b)
Start importing Assets/3D Models/hat_LP.mat using Guid(5a3010c441b485647b8eea3c9fa0428f) Importer(815301076,1909f56bfc062723c751e8b465ee728b)  -> (artifact id: 'cda5d090ddf2e713e4392675020eb9d1') in 0.887100 seconds 
========================================================================
Received Import Request.
  Time since last request: 4.050500 seconds.
  path: Assets/3D Models/hat_LP.mat
  artifactKey: Guid(5a3010c441b485647b8eea3c9fa0428f) Importer(815301076,1909f56bfc062723c751e8b465ee728b)
Start importing Assets/3D Models/hat_LP.mat using Guid(5a3010c441b485647b8eea3c9fa0428f) Importer(815301076,1909f56bfc062723c751e8b465ee728b)  -> (artifact id: '9089539e7af0a3345d4bc970be60b5fa') in 0.054495 seconds 
========================================================================
Received Import Request.
  Time since last request: 34.072924 seconds.
  path: Assets/Materials
  artifactKey: Guid(121d22c69db1257498bfc9ba82d89461) Importer(815301076,1909f56bfc062723c751e8b465ee728b)
Start importing Assets/Materials using Guid(121d22c69db1257498bfc9ba82d89461) Importer(815301076,1909f56bfc062723c751e8b465ee728b)  -> (artifact id: '620704e910c0c97472df94e970c71af0') in 0.035778 seconds 
========================================================================
Received Import Request.
  Time since last request: 194.772958 seconds.
  path: Assets/Anim/Standing Melee Combo Attack Ver. 2.anim
  artifactKey: Guid(b75d165523f000e4a8157452e0d93da5) Importer(815301076,1909f56bfc062723c751e8b465ee728b)
Start importing Assets/Anim/Standing Melee Combo Attack Ver. 2.anim using Guid(b75d165523f000e4a8157452e0d93da5) Importer(815301076,1909f56bfc062723c751e8b465ee728b)  -> (artifact id: '20a7b18e75dca92b1562253944442223') in 0.291895 seconds 
========================================================================
Received Import Request.
  Time since last request: 1.618725 seconds.
  path: Assets/Anim/Standing React Death Backward.anim
  artifactKey: Guid(608cda92844dc6348a02804a69a949ca) Importer(815301076,1909f56bfc062723c751e8b465ee728b)
Start importing Assets/Anim/Standing React Death Backward.anim using Guid(608cda92844dc6348a02804a69a949ca) Importer(815301076,1909f56bfc062723c751e8b465ee728b)  -> (artifact id: 'c65a517621c3069975361580461dbfa1') in 0.219207 seconds 
========================================================================
Received Import Request.
  Time since last request: 1.282830 seconds.
  path: Assets/Anim/Stomach Hit.anim
  artifactKey: Guid(d1e68247159224d47b4deebc38175d5f) Importer(815301076,1909f56bfc062723c751e8b465ee728b)
Start importing Assets/Anim/Stomach Hit.anim using Guid(d1e68247159224d47b4deebc38175d5f) Importer(815301076,1909f56bfc062723c751e8b465ee728b)  -> (artifact id: '264a0f1a84e7e8aad287446a3fb19781') in 0.073633 seconds 
========================================================================
Received Import Request.
  Time since last request: 320.685451 seconds.
  path: Assets/Anim/Y Bot@Magic Heal.fbx
  artifactKey: Guid(8cb599e6b120802499ff21de633f834d) Importer(815301076,1909f56bfc062723c751e8b465ee728b)
Start importing Assets/Anim/Y Bot@Magic Heal.fbx using Guid(8cb599e6b120802499ff21de633f834d) Importer(815301076,1909f56bfc062723c751e8b465ee728b)  -> (artifact id: 'a5f0c37c8b4aa237bd5eaa0e9c71ee5e') in 0.022399 seconds 
========================================================================
Received Import Request.
  Time since last request: 63.129343 seconds.
  path: Assets/Anim/Magic Heal.anim
  artifactKey: Guid(5e1f173487dff9b409edf0c8bd1bbcb7) Importer(815301076,1909f56bfc062723c751e8b465ee728b)
Start importing Assets/Anim/Magic Heal.anim using Guid(5e1f173487dff9b409edf0c8bd1bbcb7) Importer(815301076,1909f56bfc062723c751e8b465ee728b)  -> (artifact id: 'fe92de50d1db1238d34e2ad36564bc3d') in 0.053591 seconds 
========================================================================
Received Import Request.
  Time since last request: 16531.362700 seconds.
  path: Assets/Anim/Y Bot@Standing React Small From Front.fbx
  artifactKey: Guid(7940d92c5a91a684d98a50ad473a449d) Importer(815301076,1909f56bfc062723c751e8b465ee728b)
Start importing Assets/Anim/Y Bot@Standing React Small From Front.fbx using Guid(7940d92c5a91a684d98a50ad473a449d) Importer(815301076,1909f56bfc062723c751e8b465ee728b)  -> (artifact id: 'a629ea7e90350030f11f1ba614bc42d4') in 0.116836 seconds 
========================================================================
Received Import Request.
  Time since last request: 217.331892 seconds.
  path: Assets/Anim/Y BotMagic.controller
  artifactKey: Guid(a41f1a56f293b474e8f5af3794d49984) Importer(815301076,1909f56bfc062723c751e8b465ee728b)
Start importing Assets/Anim/Y BotMagic.controller using Guid(a41f1a56f293b474e8f5af3794d49984) Importer(815301076,1909f56bfc062723c751e8b465ee728b)  -> (artifact id: '27a765057d26bede117330447a7a73cd') in 0.686150 seconds 
========================================================================
Received Import Request.
  Time since last request: 925.997181 seconds.
  path: Assets/Anim/Y Bot@Standing Idle 03Magic.fbx
  artifactKey: Guid(e212f7b11ee5b6c40a47bc08f672679e) Importer(815301076,1909f56bfc062723c751e8b465ee728b)
Start importing Assets/Anim/Y Bot@Standing Idle 03Magic.fbx using Guid(e212f7b11ee5b6c40a47bc08f672679e) Importer(815301076,1909f56bfc062723c751e8b465ee728b)  -> (artifact id: '298a4b8f126320d76d4b51b82e581ab5') in 0.057327 seconds 
========================================================================
Received Import Request.
  Time since last request: 3.873823 seconds.
  path: Assets/Anim/Magic Heal.anim
  artifactKey: Guid(5e1f173487dff9b409edf0c8bd1bbcb7) Importer(815301076,1909f56bfc062723c751e8b465ee728b)
Start importing Assets/Anim/Magic Heal.anim using Guid(5e1f173487dff9b409edf0c8bd1bbcb7) Importer(815301076,1909f56bfc062723c751e8b465ee728b)  -> (artifact id: '7826f1db7a34da1cec1bff665597eac8') in 0.163579 seconds 
========================================================================
Received Import Request.
  Time since last request: 8.561395 seconds.
  path: Assets/Anim/Punching (1).anim
  artifactKey: Guid(17632316c285ec545ae6bb2491f0c167) Importer(815301076,1909f56bfc062723c751e8b465ee728b)
Start importing Assets/Anim/Punching (1).anim using Guid(17632316c285ec545ae6bb2491f0c167) Importer(815301076,1909f56bfc062723c751e8b465ee728b)  -> (artifact id: 'd0df5734f3db0d052b28b921a20fb314') in 0.170449 seconds 
========================================================================
Received Import Request.
  Time since last request: 10.561479 seconds.
  path: Assets/Anim/Y Bot@Standing Walk ForwardMagic.fbx
  artifactKey: Guid(9a5178f06c52f6044850e17b8cfbc377) Importer(815301076,1909f56bfc062723c751e8b465ee728b)
Start importing Assets/Anim/Y Bot@Standing Walk ForwardMagic.fbx using Guid(9a5178f06c52f6044850e17b8cfbc377) Importer(815301076,1909f56bfc062723c751e8b465ee728b)  -> (artifact id: 'c332de7e4282bec4f630e7f824dd1fe7') in 0.066789 seconds 
========================================================================
Received Import Request.
  Time since last request: 184.040283 seconds.
  path: Assets/Anim/Y BotMagic.controller
  artifactKey: Guid(a41f1a56f293b474e8f5af3794d49984) Importer(815301076,1909f56bfc062723c751e8b465ee728b)
Start importing Assets/Anim/Y BotMagic.controller using Guid(a41f1a56f293b474e8f5af3794d49984) Importer(815301076,1909f56bfc062723c751e8b465ee728b)  -> (artifact id: 'f888d2d96cd8857860d7a8afb598731a') in 0.934598 seconds 
========================================================================
Received Import Request.
  Time since last request: 36.959143 seconds.
  path: Assets/Anim/Y Bot@Unarmed Run Forward.controller
  artifactKey: Guid(9f29d522d3cea204c98ea7c00c39d80d) Importer(815301076,1909f56bfc062723c751e8b465ee728b)
Start importing Assets/Anim/Y Bot@Unarmed Run Forward.controller using Guid(9f29d522d3cea204c98ea7c00c39d80d) Importer(815301076,1909f56bfc062723c751e8b465ee728b)  -> (artifact id: '0ebed0893196819e1e970be66ed3670f') in 1.116415 seconds 
========================================================================
Received Import Request.
  Time since last request: 16.868851 seconds.
  path: Assets/Anim/Y BotMolot.controller
  artifactKey: Guid(1fa9fdc0e42e198479252a9a025829f1) Importer(815301076,1909f56bfc062723c751e8b465ee728b)
Start importing Assets/Anim/Y BotMolot.controller using Guid(1fa9fdc0e42e198479252a9a025829f1) Importer(815301076,1909f56bfc062723c751e8b465ee728b)  -> (artifact id: '69f06523c2f86bd2148bbd1105cc1fba') in 0.929620 seconds 
